<?xml version="1.0" encoding="UTF-8"?>
<!-- Generated by org.testng.reporters.JUnitReportReporter -->
<testsuite hostname="DESKTOP-FRH19EH" name="cn.ianzhang.automation.SearchBingTest" tests="1" failures="0" timestamp="19 Mar 2020 05:21:23 GMT" time="1.336" errors="0">
  <testcase name="searchBing" time="1.336" classname="cn.ianzhang.automation.SearchBingTest"/>
</testsuite> <!-- cn.ianzhang.automation.SearchBingTest -->
