<?xml version="1.0" encoding="UTF-8"?>
<!-- Generated by org.testng.reporters.JUnitReportReporter -->
<testsuite hostname="DESKTOP-FRH19EH" name="com.cucu.run.Runner" tests="1" failures="0" timestamp="19 Mar 2020 04:35:34 GMT" time="19.435" errors="0">
  <testcase name="feature" time="19.435" classname="com.cucu.run.Runner"/>
</testsuite> <!-- com.cucu.run.Runner -->
